<?xml version="1.0" encoding="UTF-8"?>
<!-- Generated by org.testng.reporters.JUnitReportReporter -->
<testsuite hostname="M5-L-62970BV" name="com.tests.loginTest" tests="1" failures="0" timestamp="7 May 2018 13:08:30 GMT" time="7.020" errors="0">
  <testcase name="testLogin" time="7.020" classname="com.tests.loginTest"/>
</testsuite> <!-- com.tests.loginTest -->
