<?xml version="1.0" encoding="UTF-8"?>
<!-- Generated by org.testng.reporters.JUnitReportReporter -->
<testsuite hostname="M5-L-62970BV" name="com.tests.MyFavoritesTest" tests="3" failures="0" timestamp="13 Jun 2017 10:12:22 GMT" time="39.468" errors="0">
  <testcase name="initiateBrowser" time="16.788" classname="com.tests.MyFavoritesTest"/>
  <testcase name="addNewFavorites" time="20.617" classname="com.tests.MyFavoritesTest"/>
  <testcase name="testLogin" time="2.063" classname="com.tests.MyFavoritesTest"/>
</testsuite> <!-- com.tests.MyFavoritesTest -->
